[2022-06-06 12:14:46,963] {taskinstance.py:1159} INFO - Dependencies all met for <TaskInstance: hands_on_test.install_sqoop manual__2022-06-06T12:14:44.552359+00:00 [queued]>
[2022-06-06 12:14:46,981] {taskinstance.py:1159} INFO - Dependencies all met for <TaskInstance: hands_on_test.install_sqoop manual__2022-06-06T12:14:44.552359+00:00 [queued]>
[2022-06-06 12:14:46,982] {taskinstance.py:1356} INFO - 
--------------------------------------------------------------------------------
[2022-06-06 12:14:46,983] {taskinstance.py:1357} INFO - Starting attempt 1 of 2
[2022-06-06 12:14:46,983] {taskinstance.py:1358} INFO - 
--------------------------------------------------------------------------------
[2022-06-06 12:14:47,003] {taskinstance.py:1377} INFO - Executing <Task(BashOperator): install_sqoop> on 2022-06-06 12:14:44.552359+00:00
[2022-06-06 12:14:47,011] {standard_task_runner.py:52} INFO - Started process 1925 to run task
[2022-06-06 12:14:47,018] {standard_task_runner.py:79} INFO - Running: ['***', 'tasks', 'run', 'hands_on_test', 'install_sqoop', 'manual__2022-06-06T12:14:44.552359+00:00', '--job-id', '77', '--raw', '--subdir', 'DAGS_FOLDER/dag.py', '--cfg-path', '/tmp/tmp8tgt93wu', '--error-file', '/tmp/tmp3nqr09t_']
[2022-06-06 12:14:47,022] {standard_task_runner.py:80} INFO - Job 77: Subtask install_sqoop
[2022-06-06 12:14:47,111] {task_command.py:369} INFO - Running <TaskInstance: hands_on_test.install_sqoop manual__2022-06-06T12:14:44.552359+00:00 [running]> on host 078df8b61ea1
[2022-06-06 12:14:47,263] {taskinstance.py:1571} INFO - Exporting the following env vars:
AIRFLOW_CTX_DAG_OWNER=pathairs
AIRFLOW_CTX_DAG_ID=hands_on_test
AIRFLOW_CTX_TASK_ID=install_sqoop
AIRFLOW_CTX_EXECUTION_DATE=2022-06-06T12:14:44.552359+00:00
AIRFLOW_CTX_TRY_NUMBER=1
AIRFLOW_CTX_DAG_RUN_ID=manual__2022-06-06T12:14:44.552359+00:00
[2022-06-06 12:14:47,266] {subprocess.py:62} INFO - Tmp dir root location: 
 /tmp
[2022-06-06 12:14:47,268] {subprocess.py:74} INFO - Running command: ['bash', '-c', 'docker exec hive-server bash /opt/sqoop/install_sqoop.sh ']
[2022-06-06 12:14:47,282] {subprocess.py:85} INFO - Output:
[2022-06-06 12:14:47,323] {subprocess.py:92} INFO - Got permission denied while trying to connect to the Docker daemon socket at unix:///var/run/docker.sock: Get "http://%2Fvar%2Frun%2Fdocker.sock/v1.24/containers/hive-server/json": dial unix /var/run/docker.sock: connect: permission denied
[2022-06-06 12:14:47,329] {subprocess.py:96} INFO - Command exited with return code 1
[2022-06-06 12:14:47,432] {taskinstance.py:1889} ERROR - Task failed with exception
Traceback (most recent call last):
  File "/home/airflow/.local/lib/python3.7/site-packages/airflow/operators/bash.py", line 195, in execute
    f'Bash command failed. The command returned a non-zero exit code {result.exit_code}.'
airflow.exceptions.AirflowException: Bash command failed. The command returned a non-zero exit code 1.
[2022-06-06 12:14:47,443] {taskinstance.py:1400} INFO - Marking task as UP_FOR_RETRY. dag_id=hands_on_test, task_id=install_sqoop, execution_date=20220606T121444, start_date=20220606T121446, end_date=20220606T121447
[2022-06-06 12:14:47,461] {standard_task_runner.py:97} ERROR - Failed to execute job 77 for task install_sqoop (Bash command failed. The command returned a non-zero exit code 1.; 1925)
[2022-06-06 12:14:47,510] {local_task_job.py:156} INFO - Task exited with return code 1
[2022-06-06 12:14:47,576] {local_task_job.py:273} INFO - 0 downstream tasks scheduled from follow-on schedule check
