[2022-06-07 02:19:53,784] {taskinstance.py:1159} INFO - Dependencies all met for <TaskInstance: hands_on_test.install_sqoop scheduled__2022-06-06T00:00:00+00:00 [queued]>
[2022-06-07 02:19:53,808] {taskinstance.py:1159} INFO - Dependencies all met for <TaskInstance: hands_on_test.install_sqoop scheduled__2022-06-06T00:00:00+00:00 [queued]>
[2022-06-07 02:19:53,810] {taskinstance.py:1356} INFO - 
--------------------------------------------------------------------------------
[2022-06-07 02:19:53,812] {taskinstance.py:1357} INFO - Starting attempt 1 of 2
[2022-06-07 02:19:53,814] {taskinstance.py:1358} INFO - 
--------------------------------------------------------------------------------
[2022-06-07 02:19:53,841] {taskinstance.py:1377} INFO - Executing <Task(BashOperator): install_sqoop> on 2022-06-06 00:00:00+00:00
[2022-06-07 02:19:53,852] {standard_task_runner.py:52} INFO - Started process 186 to run task
[2022-06-07 02:19:53,858] {standard_task_runner.py:79} INFO - Running: ['***', 'tasks', 'run', 'hands_on_test', 'install_sqoop', 'scheduled__2022-06-06T00:00:00+00:00', '--job-id', '83', '--raw', '--subdir', 'DAGS_FOLDER/dag.py', '--cfg-path', '/tmp/tmp06h4jiny', '--error-file', '/tmp/tmp9u3uvpma']
[2022-06-07 02:19:53,869] {standard_task_runner.py:80} INFO - Job 83: Subtask install_sqoop
[2022-06-07 02:19:54,106] {task_command.py:369} INFO - Running <TaskInstance: hands_on_test.install_sqoop scheduled__2022-06-06T00:00:00+00:00 [running]> on host 078df8b61ea1
[2022-06-07 02:19:54,553] {taskinstance.py:1571} INFO - Exporting the following env vars:
AIRFLOW_CTX_DAG_OWNER=pathairs
AIRFLOW_CTX_DAG_ID=hands_on_test
AIRFLOW_CTX_TASK_ID=install_sqoop
AIRFLOW_CTX_EXECUTION_DATE=2022-06-06T00:00:00+00:00
AIRFLOW_CTX_TRY_NUMBER=1
AIRFLOW_CTX_DAG_RUN_ID=scheduled__2022-06-06T00:00:00+00:00
[2022-06-07 02:19:54,555] {subprocess.py:62} INFO - Tmp dir root location: 
 /tmp
[2022-06-07 02:19:54,556] {subprocess.py:74} INFO - Running command: ['bash', '-c', 'docker exec hive-server bash /opt/sqoop/install_sqoop.sh ']
[2022-06-07 02:19:54,568] {subprocess.py:85} INFO - Output:
[2022-06-07 02:19:54,819] {subprocess.py:92} INFO - Got permission denied while trying to connect to the Docker daemon socket at unix:///var/run/docker.sock: Get "http://%2Fvar%2Frun%2Fdocker.sock/v1.24/containers/hive-server/json": dial unix /var/run/docker.sock: connect: permission denied
[2022-06-07 02:19:54,825] {subprocess.py:96} INFO - Command exited with return code 1
[2022-06-07 02:19:54,869] {taskinstance.py:1889} ERROR - Task failed with exception
Traceback (most recent call last):
  File "/home/airflow/.local/lib/python3.7/site-packages/airflow/operators/bash.py", line 195, in execute
    f'Bash command failed. The command returned a non-zero exit code {result.exit_code}.'
airflow.exceptions.AirflowException: Bash command failed. The command returned a non-zero exit code 1.
[2022-06-07 02:19:54,881] {taskinstance.py:1400} INFO - Marking task as UP_FOR_RETRY. dag_id=hands_on_test, task_id=install_sqoop, execution_date=20220606T000000, start_date=20220607T021953, end_date=20220607T021954
[2022-06-07 02:19:54,899] {standard_task_runner.py:97} ERROR - Failed to execute job 83 for task install_sqoop (Bash command failed. The command returned a non-zero exit code 1.; 186)
[2022-06-07 02:19:54,913] {local_task_job.py:156} INFO - Task exited with return code 1
[2022-06-07 02:19:54,988] {local_task_job.py:273} INFO - 0 downstream tasks scheduled from follow-on schedule check
[2022-06-07 02:40:41,982] {taskinstance.py:1159} INFO - Dependencies all met for <TaskInstance: hands_on_test.install_sqoop scheduled__2022-06-06T00:00:00+00:00 [queued]>
[2022-06-07 02:40:41,997] {taskinstance.py:1159} INFO - Dependencies all met for <TaskInstance: hands_on_test.install_sqoop scheduled__2022-06-06T00:00:00+00:00 [queued]>
[2022-06-07 02:40:41,998] {taskinstance.py:1356} INFO - 
--------------------------------------------------------------------------------
[2022-06-07 02:40:41,999] {taskinstance.py:1357} INFO - Starting attempt 1 of 2
[2022-06-07 02:40:41,999] {taskinstance.py:1358} INFO - 
--------------------------------------------------------------------------------
[2022-06-07 02:40:42,018] {taskinstance.py:1377} INFO - Executing <Task(BashOperator): install_sqoop> on 2022-06-06 00:00:00+00:00
[2022-06-07 02:40:42,024] {standard_task_runner.py:52} INFO - Started process 502 to run task
[2022-06-07 02:40:42,028] {standard_task_runner.py:79} INFO - Running: ['***', 'tasks', 'run', 'hands_on_test', 'install_sqoop', 'scheduled__2022-06-06T00:00:00+00:00', '--job-id', '20', '--raw', '--subdir', 'DAGS_FOLDER/dag.py', '--cfg-path', '/tmp/tmp20z6ijts', '--error-file', '/tmp/tmp9he9jmw9']
[2022-06-07 02:40:42,030] {standard_task_runner.py:80} INFO - Job 20: Subtask install_sqoop
[2022-06-07 02:40:42,105] {task_command.py:369} INFO - Running <TaskInstance: hands_on_test.install_sqoop scheduled__2022-06-06T00:00:00+00:00 [running]> on host 078df8b61ea1
[2022-06-07 02:40:42,204] {taskinstance.py:1571} INFO - Exporting the following env vars:
AIRFLOW_CTX_DAG_OWNER=pathairs
AIRFLOW_CTX_DAG_ID=hands_on_test
AIRFLOW_CTX_TASK_ID=install_sqoop
AIRFLOW_CTX_EXECUTION_DATE=2022-06-06T00:00:00+00:00
AIRFLOW_CTX_TRY_NUMBER=1
AIRFLOW_CTX_DAG_RUN_ID=scheduled__2022-06-06T00:00:00+00:00
[2022-06-07 02:40:42,208] {subprocess.py:62} INFO - Tmp dir root location: 
 /tmp
[2022-06-07 02:40:42,209] {subprocess.py:74} INFO - Running command: ['bash', '-c', 'docker exec hive-server bash /opt/sqoop/install_sqoop.sh ']
[2022-06-07 02:40:42,222] {subprocess.py:85} INFO - Output:
[2022-06-07 02:40:42,277] {subprocess.py:92} INFO - Got permission denied while trying to connect to the Docker daemon socket at unix:///var/run/docker.sock: Get "http://%2Fvar%2Frun%2Fdocker.sock/v1.24/containers/hive-server/json": dial unix /var/run/docker.sock: connect: permission denied
[2022-06-07 02:40:42,282] {subprocess.py:96} INFO - Command exited with return code 1
[2022-06-07 02:40:42,305] {taskinstance.py:1889} ERROR - Task failed with exception
Traceback (most recent call last):
  File "/home/airflow/.local/lib/python3.7/site-packages/airflow/operators/bash.py", line 195, in execute
    f'Bash command failed. The command returned a non-zero exit code {result.exit_code}.'
airflow.exceptions.AirflowException: Bash command failed. The command returned a non-zero exit code 1.
[2022-06-07 02:40:42,310] {taskinstance.py:1400} INFO - Marking task as UP_FOR_RETRY. dag_id=hands_on_test, task_id=install_sqoop, execution_date=20220606T000000, start_date=20220607T024041, end_date=20220607T024042
[2022-06-07 02:40:42,325] {standard_task_runner.py:97} ERROR - Failed to execute job 20 for task install_sqoop (Bash command failed. The command returned a non-zero exit code 1.; 502)
[2022-06-07 02:40:42,363] {local_task_job.py:156} INFO - Task exited with return code 1
[2022-06-07 02:40:42,423] {local_task_job.py:273} INFO - 0 downstream tasks scheduled from follow-on schedule check
[2022-06-07 03:03:10,986] {taskinstance.py:1159} INFO - Dependencies all met for <TaskInstance: hands_on_test.install_sqoop scheduled__2022-06-06T00:00:00+00:00 [queued]>
[2022-06-07 03:03:11,001] {taskinstance.py:1159} INFO - Dependencies all met for <TaskInstance: hands_on_test.install_sqoop scheduled__2022-06-06T00:00:00+00:00 [queued]>
[2022-06-07 03:03:11,002] {taskinstance.py:1356} INFO - 
--------------------------------------------------------------------------------
[2022-06-07 03:03:11,003] {taskinstance.py:1357} INFO - Starting attempt 1 of 2
[2022-06-07 03:03:11,004] {taskinstance.py:1358} INFO - 
--------------------------------------------------------------------------------
[2022-06-07 03:03:11,025] {taskinstance.py:1377} INFO - Executing <Task(BashOperator): install_sqoop> on 2022-06-06 00:00:00+00:00
[2022-06-07 03:03:11,031] {standard_task_runner.py:52} INFO - Started process 823 to run task
[2022-06-07 03:03:11,036] {standard_task_runner.py:79} INFO - Running: ['***', 'tasks', 'run', 'hands_on_test', 'install_sqoop', 'scheduled__2022-06-06T00:00:00+00:00', '--job-id', '17', '--raw', '--subdir', 'DAGS_FOLDER/dag.py', '--cfg-path', '/tmp/tmpe3n569ha', '--error-file', '/tmp/tmpjq86ko62']
[2022-06-07 03:03:11,039] {standard_task_runner.py:80} INFO - Job 17: Subtask install_sqoop
[2022-06-07 03:03:11,113] {task_command.py:369} INFO - Running <TaskInstance: hands_on_test.install_sqoop scheduled__2022-06-06T00:00:00+00:00 [running]> on host 90bb19738779
[2022-06-07 03:03:11,211] {taskinstance.py:1571} INFO - Exporting the following env vars:
AIRFLOW_CTX_DAG_OWNER=pathairs
AIRFLOW_CTX_DAG_ID=hands_on_test
AIRFLOW_CTX_TASK_ID=install_sqoop
AIRFLOW_CTX_EXECUTION_DATE=2022-06-06T00:00:00+00:00
AIRFLOW_CTX_TRY_NUMBER=1
AIRFLOW_CTX_DAG_RUN_ID=scheduled__2022-06-06T00:00:00+00:00
[2022-06-07 03:03:11,213] {subprocess.py:62} INFO - Tmp dir root location: 
 /tmp
[2022-06-07 03:03:11,215] {subprocess.py:74} INFO - Running command: ['bash', '-c', 'docker exec hive-server bash /opt/sqoop/install_sqoop.sh ']
[2022-06-07 03:03:11,229] {subprocess.py:85} INFO - Output:
[2022-06-07 03:03:11,283] {subprocess.py:92} INFO - Got permission denied while trying to connect to the Docker daemon socket at unix:///var/run/docker.sock: Get "http://%2Fvar%2Frun%2Fdocker.sock/v1.24/containers/hive-server/json": dial unix /var/run/docker.sock: connect: permission denied
[2022-06-07 03:03:11,288] {subprocess.py:96} INFO - Command exited with return code 1
[2022-06-07 03:03:11,309] {taskinstance.py:1889} ERROR - Task failed with exception
Traceback (most recent call last):
  File "/home/airflow/.local/lib/python3.7/site-packages/airflow/operators/bash.py", line 195, in execute
    f'Bash command failed. The command returned a non-zero exit code {result.exit_code}.'
airflow.exceptions.AirflowException: Bash command failed. The command returned a non-zero exit code 1.
[2022-06-07 03:03:11,315] {taskinstance.py:1400} INFO - Marking task as UP_FOR_RETRY. dag_id=hands_on_test, task_id=install_sqoop, execution_date=20220606T000000, start_date=20220607T030310, end_date=20220607T030311
[2022-06-07 03:03:11,484] {standard_task_runner.py:97} ERROR - Failed to execute job 17 for task install_sqoop (Bash command failed. The command returned a non-zero exit code 1.; 823)
[2022-06-07 03:03:11,535] {local_task_job.py:156} INFO - Task exited with return code 1
[2022-06-07 03:03:11,598] {local_task_job.py:273} INFO - 0 downstream tasks scheduled from follow-on schedule check
[2022-06-07 09:24:56,270] {taskinstance.py:1159} INFO - Dependencies all met for <TaskInstance: hands_on_test.install_sqoop scheduled__2022-06-06T00:00:00+00:00 [queued]>
[2022-06-07 09:24:56,288] {taskinstance.py:1159} INFO - Dependencies all met for <TaskInstance: hands_on_test.install_sqoop scheduled__2022-06-06T00:00:00+00:00 [queued]>
[2022-06-07 09:24:56,289] {taskinstance.py:1356} INFO - 
--------------------------------------------------------------------------------
[2022-06-07 09:24:56,289] {taskinstance.py:1357} INFO - Starting attempt 1 of 2
[2022-06-07 09:24:56,290] {taskinstance.py:1358} INFO - 
--------------------------------------------------------------------------------
[2022-06-07 09:24:56,309] {taskinstance.py:1377} INFO - Executing <Task(BashOperator): install_sqoop> on 2022-06-06 00:00:00+00:00
[2022-06-07 09:24:56,315] {standard_task_runner.py:52} INFO - Started process 18117 to run task
[2022-06-07 09:24:56,320] {standard_task_runner.py:79} INFO - Running: ['***', 'tasks', 'run', 'hands_on_test', 'install_sqoop', 'scheduled__2022-06-06T00:00:00+00:00', '--job-id', '88', '--raw', '--subdir', 'DAGS_FOLDER/dag.py', '--cfg-path', '/tmp/tmpu9izfri2', '--error-file', '/tmp/tmpq7qugc5v']
[2022-06-07 09:24:56,322] {standard_task_runner.py:80} INFO - Job 88: Subtask install_sqoop
[2022-06-07 09:24:56,397] {task_command.py:369} INFO - Running <TaskInstance: hands_on_test.install_sqoop scheduled__2022-06-06T00:00:00+00:00 [running]> on host a4a1e1d603db
[2022-06-07 09:24:56,496] {taskinstance.py:1571} INFO - Exporting the following env vars:
AIRFLOW_CTX_DAG_OWNER=pathairs
AIRFLOW_CTX_DAG_ID=hands_on_test
AIRFLOW_CTX_TASK_ID=install_sqoop
AIRFLOW_CTX_EXECUTION_DATE=2022-06-06T00:00:00+00:00
AIRFLOW_CTX_TRY_NUMBER=1
AIRFLOW_CTX_DAG_RUN_ID=scheduled__2022-06-06T00:00:00+00:00
[2022-06-07 09:24:56,499] {subprocess.py:62} INFO - Tmp dir root location: 
 /tmp
[2022-06-07 09:24:56,501] {subprocess.py:74} INFO - Running command: ['bash', '-c', 'docker exec hive-server bash /opt/sqoop/install_sqoop.sh ']
[2022-06-07 09:24:56,515] {subprocess.py:85} INFO - Output:
[2022-06-07 09:24:56,643] {subprocess.py:92} INFO -   % Total    % Received % Xferd  Average Speed   Time    Time     Time  Current
[2022-06-07 09:24:56,644] {subprocess.py:92} INFO -                                  Dload  Upload   Total   Spent    Left  Speed
[2022-06-07 09:25:04,646] {subprocess.py:92} INFO -   0     0    0     0    0     0      0      0 --:--:-- --:--:-- --:--:--     0  0 17.1M    0 19929    0     0  29233      0  0:10:14 --:--:--  0:10:14 29221  3 17.1M    3  527k    0     0   345k      0  0:00:50  0:00:01  0:00:49  345k  9 17.1M    9 1736k    0     0   688k      0  0:00:25  0:00:02  0:00:23  688k 19 17.1M   19 3352k    0     0   946k      0  0:00:18  0:00:03  0:00:15  946k 30 17.1M   30 5420k    0     0  1195k      0  0:00:14  0:00:04  0:00:10 1195k 45 17.1M   45 7891k    0     0  1428k      0  0:00:12  0:00:05  0:00:07 1625k 63 17.1M   63 10.8M    0     0  1700k      0  0:00:10  0:00:06  0:00:04 2113k 85 17.1M   85 14.7M    0     0  2000k      0  0:00:08  0:00:07  0:00:01 2663k100 17.1M  100 17.1M    0     0  2190k      0  0:00:08  0:00:08 --:--:-- 3178k
[2022-06-07 09:25:26,133] {subprocess.py:92} INFO - rm: cannot remove 'sqoop-1.4.7.bin__hadoop-2.6.0': No such file or directory
[2022-06-07 09:25:26,155] {subprocess.py:96} INFO - Command exited with return code 0
[2022-06-07 09:25:26,200] {taskinstance.py:1400} INFO - Marking task as SUCCESS. dag_id=hands_on_test, task_id=install_sqoop, execution_date=20220606T000000, start_date=20220607T092456, end_date=20220607T092526
[2022-06-07 09:25:26,268] {local_task_job.py:156} INFO - Task exited with return code 0
[2022-06-07 09:25:26,334] {local_task_job.py:273} INFO - 1 downstream tasks scheduled from follow-on schedule check
