[2022-06-07 02:22:56,253] {taskinstance.py:1159} INFO - Dependencies all met for <TaskInstance: hands_on_test.install_sqoop scheduled__2022-06-06T00:00:00+00:00 [queued]>
[2022-06-07 02:22:56,268] {taskinstance.py:1159} INFO - Dependencies all met for <TaskInstance: hands_on_test.install_sqoop scheduled__2022-06-06T00:00:00+00:00 [queued]>
[2022-06-07 02:22:56,269] {taskinstance.py:1356} INFO - 
--------------------------------------------------------------------------------
[2022-06-07 02:22:56,270] {taskinstance.py:1357} INFO - Starting attempt 2 of 2
[2022-06-07 02:22:56,271] {taskinstance.py:1358} INFO - 
--------------------------------------------------------------------------------
[2022-06-07 02:22:56,296] {taskinstance.py:1377} INFO - Executing <Task(BashOperator): install_sqoop> on 2022-06-06 00:00:00+00:00
[2022-06-07 02:22:56,301] {standard_task_runner.py:52} INFO - Started process 389 to run task
[2022-06-07 02:22:56,306] {standard_task_runner.py:79} INFO - Running: ['***', 'tasks', 'run', 'hands_on_test', 'install_sqoop', 'scheduled__2022-06-06T00:00:00+00:00', '--job-id', '88', '--raw', '--subdir', 'DAGS_FOLDER/dag.py', '--cfg-path', '/tmp/tmpffu9entq', '--error-file', '/tmp/tmpd6agi9yc']
[2022-06-07 02:22:56,308] {standard_task_runner.py:80} INFO - Job 88: Subtask install_sqoop
[2022-06-07 02:22:56,390] {task_command.py:369} INFO - Running <TaskInstance: hands_on_test.install_sqoop scheduled__2022-06-06T00:00:00+00:00 [running]> on host 078df8b61ea1
[2022-06-07 02:22:56,499] {taskinstance.py:1571} INFO - Exporting the following env vars:
AIRFLOW_CTX_DAG_OWNER=pathairs
AIRFLOW_CTX_DAG_ID=hands_on_test
AIRFLOW_CTX_TASK_ID=install_sqoop
AIRFLOW_CTX_EXECUTION_DATE=2022-06-06T00:00:00+00:00
AIRFLOW_CTX_TRY_NUMBER=2
AIRFLOW_CTX_DAG_RUN_ID=scheduled__2022-06-06T00:00:00+00:00
[2022-06-07 02:22:56,502] {subprocess.py:62} INFO - Tmp dir root location: 
 /tmp
[2022-06-07 02:22:56,504] {subprocess.py:74} INFO - Running command: ['bash', '-c', 'docker exec hive-server bash /opt/sqoop/install_sqoop.sh ']
[2022-06-07 02:22:56,515] {subprocess.py:85} INFO - Output:
[2022-06-07 02:22:56,550] {subprocess.py:92} INFO - Got permission denied while trying to connect to the Docker daemon socket at unix:///var/run/docker.sock: Get "http://%2Fvar%2Frun%2Fdocker.sock/v1.24/containers/hive-server/json": dial unix /var/run/docker.sock: connect: permission denied
[2022-06-07 02:22:56,555] {subprocess.py:96} INFO - Command exited with return code 1
[2022-06-07 02:22:56,573] {taskinstance.py:1889} ERROR - Task failed with exception
Traceback (most recent call last):
  File "/home/airflow/.local/lib/python3.7/site-packages/airflow/operators/bash.py", line 195, in execute
    f'Bash command failed. The command returned a non-zero exit code {result.exit_code}.'
airflow.exceptions.AirflowException: Bash command failed. The command returned a non-zero exit code 1.
[2022-06-07 02:22:56,581] {taskinstance.py:1400} INFO - Marking task as FAILED. dag_id=hands_on_test, task_id=install_sqoop, execution_date=20220606T000000, start_date=20220607T022256, end_date=20220607T022256
[2022-06-07 02:22:56,595] {standard_task_runner.py:97} ERROR - Failed to execute job 88 for task install_sqoop (Bash command failed. The command returned a non-zero exit code 1.; 389)
[2022-06-07 02:22:56,640] {local_task_job.py:156} INFO - Task exited with return code 1
[2022-06-07 02:22:56,703] {local_task_job.py:273} INFO - 0 downstream tasks scheduled from follow-on schedule check
[2022-06-07 03:06:12,047] {taskinstance.py:1159} INFO - Dependencies all met for <TaskInstance: hands_on_test.install_sqoop scheduled__2022-06-06T00:00:00+00:00 [queued]>
[2022-06-07 03:06:12,062] {taskinstance.py:1159} INFO - Dependencies all met for <TaskInstance: hands_on_test.install_sqoop scheduled__2022-06-06T00:00:00+00:00 [queued]>
[2022-06-07 03:06:12,063] {taskinstance.py:1356} INFO - 
--------------------------------------------------------------------------------
[2022-06-07 03:06:12,064] {taskinstance.py:1357} INFO - Starting attempt 2 of 2
[2022-06-07 03:06:12,064] {taskinstance.py:1358} INFO - 
--------------------------------------------------------------------------------
[2022-06-07 03:06:12,084] {taskinstance.py:1377} INFO - Executing <Task(BashOperator): install_sqoop> on 2022-06-06 00:00:00+00:00
[2022-06-07 03:06:12,090] {standard_task_runner.py:52} INFO - Started process 1014 to run task
[2022-06-07 03:06:12,095] {standard_task_runner.py:79} INFO - Running: ['***', 'tasks', 'run', 'hands_on_test', 'install_sqoop', 'scheduled__2022-06-06T00:00:00+00:00', '--job-id', '18', '--raw', '--subdir', 'DAGS_FOLDER/dag.py', '--cfg-path', '/tmp/tmp72t6183u', '--error-file', '/tmp/tmp1c1qk2cz']
[2022-06-07 03:06:12,097] {standard_task_runner.py:80} INFO - Job 18: Subtask install_sqoop
[2022-06-07 03:06:12,177] {task_command.py:369} INFO - Running <TaskInstance: hands_on_test.install_sqoop scheduled__2022-06-06T00:00:00+00:00 [running]> on host 90bb19738779
[2022-06-07 03:06:12,280] {taskinstance.py:1571} INFO - Exporting the following env vars:
AIRFLOW_CTX_DAG_OWNER=pathairs
AIRFLOW_CTX_DAG_ID=hands_on_test
AIRFLOW_CTX_TASK_ID=install_sqoop
AIRFLOW_CTX_EXECUTION_DATE=2022-06-06T00:00:00+00:00
AIRFLOW_CTX_TRY_NUMBER=2
AIRFLOW_CTX_DAG_RUN_ID=scheduled__2022-06-06T00:00:00+00:00
[2022-06-07 03:06:12,282] {subprocess.py:62} INFO - Tmp dir root location: 
 /tmp
[2022-06-07 03:06:12,284] {subprocess.py:74} INFO - Running command: ['bash', '-c', 'docker exec hive-server bash /opt/sqoop/install_sqoop.sh ']
[2022-06-07 03:06:12,295] {subprocess.py:85} INFO - Output:
[2022-06-07 03:06:12,338] {subprocess.py:92} INFO - Got permission denied while trying to connect to the Docker daemon socket at unix:///var/run/docker.sock: Get "http://%2Fvar%2Frun%2Fdocker.sock/v1.24/containers/hive-server/json": dial unix /var/run/docker.sock: connect: permission denied
[2022-06-07 03:06:12,345] {subprocess.py:96} INFO - Command exited with return code 1
[2022-06-07 03:06:12,374] {taskinstance.py:1889} ERROR - Task failed with exception
Traceback (most recent call last):
  File "/home/airflow/.local/lib/python3.7/site-packages/airflow/operators/bash.py", line 195, in execute
    f'Bash command failed. The command returned a non-zero exit code {result.exit_code}.'
airflow.exceptions.AirflowException: Bash command failed. The command returned a non-zero exit code 1.
[2022-06-07 03:06:12,381] {taskinstance.py:1400} INFO - Marking task as FAILED. dag_id=hands_on_test, task_id=install_sqoop, execution_date=20220606T000000, start_date=20220607T030612, end_date=20220607T030612
[2022-06-07 03:06:12,397] {standard_task_runner.py:97} ERROR - Failed to execute job 18 for task install_sqoop (Bash command failed. The command returned a non-zero exit code 1.; 1014)
[2022-06-07 03:06:12,431] {local_task_job.py:156} INFO - Task exited with return code 1
[2022-06-07 03:06:12,495] {local_task_job.py:273} INFO - 0 downstream tasks scheduled from follow-on schedule check
