[2022-06-07 04:25:13,579] {taskinstance.py:1159} INFO - Dependencies all met for <TaskInstance: hands_on_test.install_sqoop scheduled__2022-06-06T00:00:00+00:00 [queued]>
[2022-06-07 04:25:13,591] {taskinstance.py:1159} INFO - Dependencies all met for <TaskInstance: hands_on_test.install_sqoop scheduled__2022-06-06T00:00:00+00:00 [queued]>
[2022-06-07 04:25:13,592] {taskinstance.py:1356} INFO - 
--------------------------------------------------------------------------------
[2022-06-07 04:25:13,593] {taskinstance.py:1357} INFO - Starting attempt 9 of 10
[2022-06-07 04:25:13,594] {taskinstance.py:1358} INFO - 
--------------------------------------------------------------------------------
[2022-06-07 04:25:13,613] {taskinstance.py:1377} INFO - Executing <Task(BashOperator): install_sqoop> on 2022-06-06 00:00:00+00:00
[2022-06-07 04:25:13,620] {standard_task_runner.py:52} INFO - Started process 742 to run task
[2022-06-07 04:25:13,624] {standard_task_runner.py:79} INFO - Running: ['***', 'tasks', 'run', 'hands_on_test', 'install_sqoop', 'scheduled__2022-06-06T00:00:00+00:00', '--job-id', '26', '--raw', '--subdir', 'DAGS_FOLDER/dag.py', '--cfg-path', '/tmp/tmpw2npiuty', '--error-file', '/tmp/tmp8sq1jax8']
[2022-06-07 04:25:13,626] {standard_task_runner.py:80} INFO - Job 26: Subtask install_sqoop
[2022-06-07 04:25:13,712] {task_command.py:369} INFO - Running <TaskInstance: hands_on_test.install_sqoop scheduled__2022-06-06T00:00:00+00:00 [running]> on host 656095cefd6b
[2022-06-07 04:25:13,835] {taskinstance.py:1571} INFO - Exporting the following env vars:
AIRFLOW_CTX_DAG_OWNER=pathairs
AIRFLOW_CTX_DAG_ID=hands_on_test
AIRFLOW_CTX_TASK_ID=install_sqoop
AIRFLOW_CTX_EXECUTION_DATE=2022-06-06T00:00:00+00:00
AIRFLOW_CTX_TRY_NUMBER=9
AIRFLOW_CTX_DAG_RUN_ID=scheduled__2022-06-06T00:00:00+00:00
[2022-06-07 04:25:13,837] {subprocess.py:62} INFO - Tmp dir root location: 
 /tmp
[2022-06-07 04:25:13,839] {subprocess.py:74} INFO - Running command: ['bash', '-c', 'docker exec hive-server bash /opt/sqoop/install_sqoop.sh ']
[2022-06-07 04:25:13,853] {subprocess.py:85} INFO - Output:
[2022-06-07 04:25:13,891] {subprocess.py:92} INFO - Got permission denied while trying to connect to the Docker daemon socket at unix:///var/run/docker.sock: Get "http://%2Fvar%2Frun%2Fdocker.sock/v1.24/containers/hive-server/json": dial unix /var/run/docker.sock: connect: permission denied
[2022-06-07 04:25:13,896] {subprocess.py:96} INFO - Command exited with return code 1
[2022-06-07 04:25:13,925] {taskinstance.py:1889} ERROR - Task failed with exception
Traceback (most recent call last):
  File "/home/airflow/.local/lib/python3.7/site-packages/airflow/operators/bash.py", line 195, in execute
    f'Bash command failed. The command returned a non-zero exit code {result.exit_code}.'
airflow.exceptions.AirflowException: Bash command failed. The command returned a non-zero exit code 1.
[2022-06-07 04:25:13,931] {taskinstance.py:1400} INFO - Marking task as UP_FOR_RETRY. dag_id=hands_on_test, task_id=install_sqoop, execution_date=20220606T000000, start_date=20220607T042513, end_date=20220607T042513
[2022-06-07 04:25:13,948] {standard_task_runner.py:97} ERROR - Failed to execute job 26 for task install_sqoop (Bash command failed. The command returned a non-zero exit code 1.; 742)
[2022-06-07 04:25:13,999] {local_task_job.py:156} INFO - Task exited with return code 1
[2022-06-07 04:25:14,076] {local_task_job.py:273} INFO - 0 downstream tasks scheduled from follow-on schedule check
