[2022-06-10 04:45:31,908] {taskinstance.py:1159} INFO - Dependencies all met for <TaskInstance: hands_on_test.copy_order_data scheduled__2022-06-08T00:00:00+00:00 [queued]>
[2022-06-10 04:45:31,926] {taskinstance.py:1159} INFO - Dependencies all met for <TaskInstance: hands_on_test.copy_order_data scheduled__2022-06-08T00:00:00+00:00 [queued]>
[2022-06-10 04:45:31,927] {taskinstance.py:1356} INFO - 
--------------------------------------------------------------------------------
[2022-06-10 04:45:31,929] {taskinstance.py:1357} INFO - Starting attempt 2 of 2
[2022-06-10 04:45:31,930] {taskinstance.py:1358} INFO - 
--------------------------------------------------------------------------------
[2022-06-10 04:45:31,953] {taskinstance.py:1377} INFO - Executing <Task(MySqlOperator): copy_order_data> on 2022-06-08 00:00:00+00:00
[2022-06-10 04:45:31,960] {standard_task_runner.py:52} INFO - Started process 397 to run task
[2022-06-10 04:45:31,964] {standard_task_runner.py:79} INFO - Running: ['***', 'tasks', 'run', 'hands_on_test', 'copy_order_data', 'scheduled__2022-06-08T00:00:00+00:00', '--job-id', '262', '--raw', '--subdir', 'DAGS_FOLDER/dag.py', '--cfg-path', '/tmp/tmp7_fahw6x', '--error-file', '/tmp/tmpx37nszcf']
[2022-06-10 04:45:31,967] {standard_task_runner.py:80} INFO - Job 262: Subtask copy_order_data
[2022-06-10 04:45:32,051] {task_command.py:369} INFO - Running <TaskInstance: hands_on_test.copy_order_data scheduled__2022-06-08T00:00:00+00:00 [running]> on host b79bd65fcc57
[2022-06-10 04:45:32,155] {taskinstance.py:1571} INFO - Exporting the following env vars:
AIRFLOW_CTX_DAG_OWNER=***
AIRFLOW_CTX_DAG_ID=hands_on_test
AIRFLOW_CTX_TASK_ID=copy_order_data
AIRFLOW_CTX_EXECUTION_DATE=2022-06-08T00:00:00+00:00
AIRFLOW_CTX_TRY_NUMBER=2
AIRFLOW_CTX_DAG_RUN_ID=scheduled__2022-06-08T00:00:00+00:00
[2022-06-10 04:45:32,156] {mysql.py:82} INFO - Executing: 
COPY orders FROM '/var/lib/mysql/data/dataset/Orders.csv' DELIMITER ',' CSV HEADER;
[2022-06-10 04:45:32,177] {base.py:68} INFO - Using connection ID 'mysql_db' for task execution.
[2022-06-10 04:45:32,221] {dbapi.py:208} INFO - Running statement: 
COPY orders FROM '/var/lib/mysql/data/dataset/Orders.csv' DELIMITER ',' CSV HEADER;, parameters: None
[2022-06-10 04:45:32,224] {taskinstance.py:1889} ERROR - Task failed with exception
Traceback (most recent call last):
  File "/home/airflow/.local/lib/python3.7/site-packages/airflow/providers/mysql/operators/mysql.py", line 84, in execute
    hook.run(self.sql, autocommit=self.autocommit, parameters=self.parameters)
  File "/home/airflow/.local/lib/python3.7/site-packages/airflow/hooks/dbapi.py", line 188, in run
    self._run_command(cur, sql_statement, parameters)
  File "/home/airflow/.local/lib/python3.7/site-packages/airflow/hooks/dbapi.py", line 212, in _run_command
    cur.execute(sql_statement)
  File "/home/airflow/.local/lib/python3.7/site-packages/MySQLdb/cursors.py", line 206, in execute
    res = self._query(query)
  File "/home/airflow/.local/lib/python3.7/site-packages/MySQLdb/cursors.py", line 319, in _query
    db.query(q)
  File "/home/airflow/.local/lib/python3.7/site-packages/MySQLdb/connections.py", line 254, in query
    _mysql.connection.query(self, query)
MySQLdb._exceptions.ProgrammingError: (1064, "You have an error in your SQL syntax; check the manual that corresponds to your MySQL server version for the right syntax to use near 'COPY orders FROM '/var/lib/mysql/data/dataset/Orders.csv' DELIMITER ',' CSV HEAD' at line 1")
[2022-06-10 04:45:32,238] {taskinstance.py:1400} INFO - Marking task as FAILED. dag_id=hands_on_test, task_id=copy_order_data, execution_date=20220608T000000, start_date=20220610T044531, end_date=20220610T044532
[2022-06-10 04:45:32,258] {standard_task_runner.py:97} ERROR - Failed to execute job 262 for task copy_order_data ((1064, "You have an error in your SQL syntax; check the manual that corresponds to your MySQL server version for the right syntax to use near 'COPY orders FROM '/var/lib/mysql/data/dataset/Orders.csv' DELIMITER ',' CSV HEAD' at line 1"); 397)
[2022-06-10 04:45:32,299] {local_task_job.py:156} INFO - Task exited with return code 1
[2022-06-10 04:45:32,378] {local_task_job.py:273} INFO - 0 downstream tasks scheduled from follow-on schedule check
